<?xml version="1.0" encoding="UTF-8"?>
<!-- Generated by org.testng.reporters.JUnitReportReporter -->
<testsuite hostname="DESKTOP-NFBKUJB" failures="0" tests="2" name="practice2019.ng" time="0.016" errors="0" timestamp="23 Feb 2019 10:00:08 GMT" skipped="0">
  <testcase classname="practice2019.ng" name="SecondTestcase" time="0.016"/>
  <testcase classname="practice2019.ng" name="FirstTestCase" time="0.000"/>
</testsuite> <!-- practice2019.ng -->
